<?xml version="1.0" encoding="UTF-8"?>
<testsuite xmlns:xsi="http://www.w3.org/2001/XMLSchema-instance" xsi:noNamespaceSchemaLocation="https://maven.apache.org/surefire/maven-surefire-plugin/xsd/surefire-test-report-3.0.xsd" version="3.0" name="Land Page features" time="85.846" tests="6" errors="0" skipped="0" failures="4">
  <properties>
[...]
</properties>
  <testcase name="Take the List of all Items on Land Page #1" classname="Land Page features" time="25.975">
    <system-out><![CDATA[┌──────────────────────────────────────────────────────────────────────────┐
│ View your Cucumber Report at:                                            │
│ https://reports.cucumber.io/reports/59201ad9-8bcc-432f-befa-c5148facd1c7 │
│                                                                          │
│ This report will self-destruct in 24h.                                   │
│ Keep reports forever: https://reports.cucumber.io/profile                │
└──────────────────────────────────────────────────────────────────────────┘
30
30
30
Brocolli - 1 Kg
Cauliflower - 1 Kg
Cucumber - 1 Kg
Beetroot - 1 Kg
Carrot - 1 Kg
Tomato - 1 Kg
Beans - 1 Kg
Brinjal - 1 Kg
Capsicum
Mushroom - 1 Kg
Potato - 1 Kg
Pumpkin - 1 Kg
Corn - 1 Kg
Onion - 1 Kg
Apple - 1 Kg
Banana - 1 Kg
Grapes - 1 Kg
Mango - 1 Kg
Musk Melon - 1 Kg
Orange - 1 Kg
Pears - 1 Kg
Pomegranate - 1 Kg
Raspberry - 1/4 Kg
Strawberry - 1/4 Kg
Water Melon - 1 Kg
Almonds - 1/4 Kg
Pista - 1/4 Kg
Nuts Mixture - 1 Kg
Cashews - 1 Kg
Walnuts - 1/4 Kg
2
30
printAllListElementsToFile
createNewFile
File Created FileItemListFri_Apr_29_13_44_40_IST_2022.txt
FileItemListFri_Apr_29_13_44_40_IST_2022.txt
30
Brocolli - 1 Kg
Cauliflower - 1 Kg
Cucumber - 1 Kg
Beetroot - 1 Kg
Carrot - 1 Kg
Tomato - 1 Kg
Beans - 1 Kg
Brinjal - 1 Kg
Capsicum
Mushroom - 1 Kg
Potato - 1 Kg
Pumpkin - 1 Kg
Corn - 1 Kg
Onion - 1 Kg
Apple - 1 Kg
Banana - 1 Kg
Grapes - 1 Kg
Mango - 1 Kg
Musk Melon - 1 Kg
Orange - 1 Kg
Pears - 1 Kg
Pomegranate - 1 Kg
Raspberry - 1/4 Kg
Strawberry - 1/4 Kg
Water Melon - 1 Kg
Almonds - 1/4 Kg
Pista - 1/4 Kg
Nuts Mixture - 1 Kg
Cashews - 1 Kg
Walnuts - 1/4 Kg
2
]]></system-out>
    <system-err><![CDATA[Starting ChromeDriver 100.0.4896.60 (6a5d10861ce8de5fce22564658033b43cb7de047-refs/branch-heads/4896@{#875}) on port 53138
Only local connections are allowed.
Please see https://chromedriver.chromium.org/security-considerations for suggestions on keeping ChromeDriver safe.
ChromeDriver was started successfully.
Apr 29, 2022 1:44:22 PM org.openqa.selenium.remote.ProtocolHandshake createSession
INFO: Detected dialect: W3C
Apr 29, 2022 1:44:22 PM org.openqa.selenium.devtools.CdpVersionFinder findNearestMatch
WARNING: Unable to find an exact match for CDP version 100, so returning the closest version found: 99
Apr 29, 2022 1:44:22 PM org.openqa.selenium.devtools.CdpVersionFinder findNearestMatch
INFO: Found CDP implementation for version 100 of 99
]]></system-err>
  </testcase>
  <testcase name="Take the List of all Items on Land Page #2" classname="Land Page features" time="12.914">
    <system-out><![CDATA[30
Bro
Cau
Cuc
Bee
Car
Tom
Bea
Bri
Cap
Mus
Pot
Pum
Cor
Oni
App
Ban
Gra
Man
Mus
Ora
Pea
Pom
Ras
Str
Wat
Alm
Pis
Nut
Cas
Wal
2
]]></system-out>
    <system-err><![CDATA[Starting ChromeDriver 100.0.4896.60 (6a5d10861ce8de5fce22564658033b43cb7de047-refs/branch-heads/4896@{#875}) on port 51611
Only local connections are allowed.
Please see https://chromedriver.chromium.org/security-considerations for suggestions on keeping ChromeDriver safe.
ChromeDriver was started successfully.
Apr 29, 2022 1:44:48 PM org.openqa.selenium.remote.ProtocolHandshake createSession
INFO: Detected dialect: W3C
Apr 29, 2022 1:44:48 PM org.openqa.selenium.devtools.CdpVersionFinder findNearestMatch
WARNING: Unable to find an exact match for CDP version 100, so returning the closest version found: 99
Apr 29, 2022 1:44:48 PM org.openqa.selenium.devtools.CdpVersionFinder findNearestMatch
INFO: Found CDP implementation for version 100 of 99
]]></system-err>
  </testcase>
  <testcase name="Verify Itemname on Land Page and Product name are same #1" classname="Land Page features" time="12.905">
    <failure message="expected:&lt;[No data]&gt; but was:&lt;[Brocolli]&gt;" type="org.junit.ComparisonFailure"><![CDATA[org.junit.ComparisonFailure: expected:<[No data]> but was:<[Brocolli]>
]]></failure>
    <system-out><![CDATA[Brocolli
2
Verify Itemname on Land Page and Product name are same
]]></system-out>
    <system-err><![CDATA[Starting ChromeDriver 100.0.4896.60 (6a5d10861ce8de5fce22564658033b43cb7de047-refs/branch-heads/4896@{#875}) on port 55114
Only local connections are allowed.
Please see https://chromedriver.chromium.org/security-considerations for suggestions on keeping ChromeDriver safe.
ChromeDriver was started successfully.
Apr 29, 2022 1:44:58 PM org.openqa.selenium.remote.ProtocolHandshake createSession
INFO: Detected dialect: W3C
Apr 29, 2022 1:44:58 PM org.openqa.selenium.devtools.CdpVersionFinder findNearestMatch
WARNING: Unable to find an exact match for CDP version 100, so returning the closest version found: 99
Apr 29, 2022 1:44:58 PM org.openqa.selenium.devtools.CdpVersionFinder findNearestMatch
INFO: Found CDP implementation for version 100 of 99
]]></system-err>
  </testcase>
  <testcase name="Verify Itemname on Land Page and Product name are same #2" classname="Land Page features" time="12.835">
    <failure message="expected:&lt;[No data]&gt; but was:&lt;[Cauliflower]&gt;" type="org.junit.ComparisonFailure"><![CDATA[org.junit.ComparisonFailure: expected:<[No data]> but was:<[Cauliflower]>
]]></failure>
    <system-out><![CDATA[Cauliflower
2
Verify Itemname on Land Page and Product name are same
]]></system-out>
    <system-err><![CDATA[Starting ChromeDriver 100.0.4896.60 (6a5d10861ce8de5fce22564658033b43cb7de047-refs/branch-heads/4896@{#875}) on port 58024
Only local connections are allowed.
Please see https://chromedriver.chromium.org/security-considerations for suggestions on keeping ChromeDriver safe.
ChromeDriver was started successfully.
Apr 29, 2022 1:45:11 PM org.openqa.selenium.remote.ProtocolHandshake createSession
INFO: Detected dialect: W3C
Apr 29, 2022 1:45:11 PM org.openqa.selenium.devtools.CdpVersionFinder findNearestMatch
WARNING: Unable to find an exact match for CDP version 100, so returning the closest version found: 99
Apr 29, 2022 1:45:11 PM org.openqa.selenium.devtools.CdpVersionFinder findNearestMatch
INFO: Found CDP implementation for version 100 of 99
]]></system-err>
  </testcase>
  <testcase name="Verify Itemname on Land Page and Product name are same #3" classname="Land Page features" time="10.168">
    <failure message="expected:&lt;[No data]&gt; but was:&lt;[Cucumber]&gt;" type="org.junit.ComparisonFailure"><![CDATA[org.junit.ComparisonFailure: expected:<[No data]> but was:<[Cucumber]>
]]></failure>
    <system-out><![CDATA[Cucumber
2
Verify Itemname on Land Page and Product name are same
]]></system-out>
    <system-err><![CDATA[Starting ChromeDriver 100.0.4896.60 (6a5d10861ce8de5fce22564658033b43cb7de047-refs/branch-heads/4896@{#875}) on port 65373
Only local connections are allowed.
Please see https://chromedriver.chromium.org/security-considerations for suggestions on keeping ChromeDriver safe.
ChromeDriver was started successfully.
Apr 29, 2022 1:45:23 PM org.openqa.selenium.remote.ProtocolHandshake createSession
INFO: Detected dialect: W3C
Apr 29, 2022 1:45:23 PM org.openqa.selenium.devtools.CdpVersionFinder findNearestMatch
WARNING: Unable to find an exact match for CDP version 100, so returning the closest version found: 99
Apr 29, 2022 1:45:23 PM org.openqa.selenium.devtools.CdpVersionFinder findNearestMatch
INFO: Found CDP implementation for version 100 of 99
]]></system-err>
  </testcase>
  <testcase name="Verify Itemname on Land Page and Product name are same #4" classname="Land Page features" time="11.046">
    <failure message="expected:&lt;[No data]&gt; but was:&lt;[Beetroot]&gt;" type="org.junit.ComparisonFailure"><![CDATA[org.junit.ComparisonFailure: expected:<[No data]> but was:<[Beetroot]>
]]></failure>
    <system-out><![CDATA[Beetroot
2
Verify Itemname on Land Page and Product name are same
]]></system-out>
    <system-err><![CDATA[Starting ChromeDriver 100.0.4896.60 (6a5d10861ce8de5fce22564658033b43cb7de047-refs/branch-heads/4896@{#875}) on port 58613
Only local connections are allowed.
Please see https://chromedriver.chromium.org/security-considerations for suggestions on keeping ChromeDriver safe.
ChromeDriver was started successfully.
Apr 29, 2022 1:45:33 PM org.openqa.selenium.remote.ProtocolHandshake createSession
INFO: Detected dialect: W3C
Apr 29, 2022 1:45:33 PM org.openqa.selenium.devtools.CdpVersionFinder findNearestMatch
WARNING: Unable to find an exact match for CDP version 100, so returning the closest version found: 99
Apr 29, 2022 1:45:33 PM org.openqa.selenium.devtools.CdpVersionFinder findNearestMatch
INFO: Found CDP implementation for version 100 of 99
]]></system-err>
  </testcase>
</testsuite>